[2023/03/04 14:43:06] ppocr INFO: Architecture : 
[2023/03/04 14:43:06] ppocr INFO:     Backbone : 
[2023/03/04 14:43:06] ppocr INFO:         checkpoints : None
[2023/03/04 14:43:06] ppocr INFO:         mode : vi
[2023/03/04 14:43:06] ppocr INFO:         name : LayoutXLMForSer
[2023/03/04 14:43:06] ppocr INFO:         num_classes : 7
[2023/03/04 14:43:06] ppocr INFO:         pretrained : True
[2023/03/04 14:43:06] ppocr INFO:     Transform : None
[2023/03/04 14:43:06] ppocr INFO:     algorithm : LayoutXLM
[2023/03/04 14:43:06] ppocr INFO:     model_type : kie
[2023/03/04 14:43:06] ppocr INFO: Eval : 
[2023/03/04 14:43:06] ppocr INFO:     dataset : 
[2023/03/04 14:43:06] ppocr INFO:         data_dir : train_data/FUNSD/testing_data/images
[2023/03/04 14:43:06] ppocr INFO:         label_file_list : ['train_data/FUNSD/test.json']
[2023/03/04 14:43:06] ppocr INFO:         name : SimpleDataSet
[2023/03/04 14:43:06] ppocr INFO:         transforms : 
[2023/03/04 14:43:06] ppocr INFO:             DecodeImage : 
[2023/03/04 14:43:06] ppocr INFO:                 channel_first : False
[2023/03/04 14:43:06] ppocr INFO:                 img_mode : RGB
[2023/03/04 14:43:06] ppocr INFO:             VQATokenLabelEncode : 
[2023/03/04 14:43:06] ppocr INFO:                 algorithm : LayoutXLM
[2023/03/04 14:43:06] ppocr INFO:                 class_path : train_data/FUNSD/class_list.txt
[2023/03/04 14:43:06] ppocr INFO:                 contains_re : False
[2023/03/04 14:43:06] ppocr INFO:                 order_method : tb-yx
[2023/03/04 14:43:06] ppocr INFO:                 use_textline_bbox_info : True
[2023/03/04 14:43:06] ppocr INFO:             VQATokenPad : 
[2023/03/04 14:43:06] ppocr INFO:                 max_seq_len : 512
[2023/03/04 14:43:06] ppocr INFO:                 return_attention_mask : True
[2023/03/04 14:43:06] ppocr INFO:             VQASerTokenChunk : 
[2023/03/04 14:43:06] ppocr INFO:                 max_seq_len : 512
[2023/03/04 14:43:06] ppocr INFO:             Resize : 
[2023/03/04 14:43:06] ppocr INFO:                 size : [224, 224]
[2023/03/04 14:43:06] ppocr INFO:             NormalizeImage : 
[2023/03/04 14:43:06] ppocr INFO:                 mean : [123.675, 116.28, 103.53]
[2023/03/04 14:43:06] ppocr INFO:                 order : hwc
[2023/03/04 14:43:06] ppocr INFO:                 scale : 1
[2023/03/04 14:43:06] ppocr INFO:                 std : [58.395, 57.12, 57.375]
[2023/03/04 14:43:06] ppocr INFO:             ToCHWImage : None
[2023/03/04 14:43:06] ppocr INFO:             KeepKeys : 
[2023/03/04 14:43:06] ppocr INFO:                 keep_keys : ['input_ids', 'bbox', 'attention_mask', 'token_type_ids', 'image', 'labels']
[2023/03/04 14:43:06] ppocr INFO:     loader : 
[2023/03/04 14:43:06] ppocr INFO:         batch_size_per_card : 8
[2023/03/04 14:43:06] ppocr INFO:         drop_last : False
[2023/03/04 14:43:06] ppocr INFO:         num_workers : 4
[2023/03/04 14:43:06] ppocr INFO:         shuffle : False
[2023/03/04 14:43:06] ppocr INFO: Global : 
[2023/03/04 14:43:06] ppocr INFO:     cal_metric_during_train : False
[2023/03/04 14:43:06] ppocr INFO:     distributed : False
[2023/03/04 14:43:06] ppocr INFO:     epoch_num : 200
[2023/03/04 14:43:06] ppocr INFO:     eval_batch_step : [0, 19]
[2023/03/04 14:43:06] ppocr INFO:     infer_img : abc.jpg
[2023/03/04 14:43:06] ppocr INFO:     kie_det_model_dir : None
[2023/03/04 14:43:06] ppocr INFO:     kie_rec_model_dir : None
[2023/03/04 14:43:06] ppocr INFO:     log_smooth_window : 10
[2023/03/04 14:43:06] ppocr INFO:     print_batch_step : 10
[2023/03/04 14:43:06] ppocr INFO:     save_epoch_step : 2000
[2023/03/04 14:43:06] ppocr INFO:     save_inference_dir : None
[2023/03/04 14:43:06] ppocr INFO:     save_model_dir : ./output/ser_vi_layoutxlm_funsd
[2023/03/04 14:43:06] ppocr INFO:     save_res_path : ./output/ser/funsd/res
[2023/03/04 14:43:06] ppocr INFO:     seed : 2022
[2023/03/04 14:43:06] ppocr INFO:     use_gpu : True
[2023/03/04 14:43:06] ppocr INFO:     use_visualdl : False
[2023/03/04 14:43:06] ppocr INFO: Loss : 
[2023/03/04 14:43:06] ppocr INFO:     key : backbone_out
[2023/03/04 14:43:06] ppocr INFO:     name : VQASerTokenLayoutLMLoss
[2023/03/04 14:43:06] ppocr INFO:     num_classes : 7
[2023/03/04 14:43:06] ppocr INFO: Metric : 
[2023/03/04 14:43:06] ppocr INFO:     main_indicator : hmean
[2023/03/04 14:43:06] ppocr INFO:     name : VQASerTokenMetric
[2023/03/04 14:43:06] ppocr INFO: Optimizer : 
[2023/03/04 14:43:06] ppocr INFO:     beta1 : 0.9
[2023/03/04 14:43:06] ppocr INFO:     beta2 : 0.999
[2023/03/04 14:43:06] ppocr INFO:     lr : 
[2023/03/04 14:43:06] ppocr INFO:         epochs : 200
[2023/03/04 14:43:06] ppocr INFO:         learning_rate : 5e-05
[2023/03/04 14:43:06] ppocr INFO:         name : Linear
[2023/03/04 14:43:06] ppocr INFO:         warmup_epoch : 2
[2023/03/04 14:43:06] ppocr INFO:     name : AdamW
[2023/03/04 14:43:06] ppocr INFO:     regularizer : 
[2023/03/04 14:43:06] ppocr INFO:         factor : 0.0
[2023/03/04 14:43:06] ppocr INFO:         name : L2
[2023/03/04 14:43:06] ppocr INFO: PostProcess : 
[2023/03/04 14:43:06] ppocr INFO:     class_path : train_data/FUNSD/class_list.txt
[2023/03/04 14:43:06] ppocr INFO:     name : VQASerTokenLayoutLMPostProcess
[2023/03/04 14:43:06] ppocr INFO: Train : 
[2023/03/04 14:43:06] ppocr INFO:     dataset : 
[2023/03/04 14:43:06] ppocr INFO:         data_dir : train_data/FUNSD/training_data/images
[2023/03/04 14:43:06] ppocr INFO:         label_file_list : ['train_data/FUNSD/train.json']
[2023/03/04 14:43:06] ppocr INFO:         name : SimpleDataSet
[2023/03/04 14:43:06] ppocr INFO:         ratio_list : [1.0]
[2023/03/04 14:43:06] ppocr INFO:         transforms : 
[2023/03/04 14:43:06] ppocr INFO:             DecodeImage : 
[2023/03/04 14:43:06] ppocr INFO:                 channel_first : False
[2023/03/04 14:43:06] ppocr INFO:                 img_mode : RGB
[2023/03/04 14:43:06] ppocr INFO:             VQATokenLabelEncode : 
[2023/03/04 14:43:06] ppocr INFO:                 algorithm : LayoutXLM
[2023/03/04 14:43:06] ppocr INFO:                 class_path : train_data/FUNSD/class_list.txt
[2023/03/04 14:43:06] ppocr INFO:                 contains_re : False
[2023/03/04 14:43:06] ppocr INFO:                 order_method : tb-yx
[2023/03/04 14:43:06] ppocr INFO:                 use_textline_bbox_info : True
[2023/03/04 14:43:06] ppocr INFO:             VQATokenPad : 
[2023/03/04 14:43:06] ppocr INFO:                 max_seq_len : 512
[2023/03/04 14:43:06] ppocr INFO:                 return_attention_mask : True
[2023/03/04 14:43:06] ppocr INFO:             VQASerTokenChunk : 
[2023/03/04 14:43:06] ppocr INFO:                 max_seq_len : 512
[2023/03/04 14:43:06] ppocr INFO:             Resize : 
[2023/03/04 14:43:06] ppocr INFO:                 size : [224, 224]
[2023/03/04 14:43:06] ppocr INFO:             NormalizeImage : 
[2023/03/04 14:43:06] ppocr INFO:                 mean : [123.675, 116.28, 103.53]
[2023/03/04 14:43:06] ppocr INFO:                 order : hwc
[2023/03/04 14:43:06] ppocr INFO:                 scale : 1
[2023/03/04 14:43:06] ppocr INFO:                 std : [58.395, 57.12, 57.375]
[2023/03/04 14:43:06] ppocr INFO:             ToCHWImage : None
[2023/03/04 14:43:06] ppocr INFO:             KeepKeys : 
[2023/03/04 14:43:06] ppocr INFO:                 keep_keys : ['input_ids', 'bbox', 'attention_mask', 'token_type_ids', 'image', 'labels']
[2023/03/04 14:43:06] ppocr INFO:     loader : 
[2023/03/04 14:43:06] ppocr INFO:         batch_size_per_card : 8
[2023/03/04 14:43:06] ppocr INFO:         drop_last : False
[2023/03/04 14:43:06] ppocr INFO:         num_workers : 4
[2023/03/04 14:43:06] ppocr INFO:         shuffle : True
[2023/03/04 14:43:06] ppocr INFO: profiler_options : None
[2023/03/04 14:43:06] ppocr INFO: train with paddle 2.4.2 and device Place(gpu:0)
[2023/03/04 14:43:06] ppocr INFO: Initialize indexs of datasets:['train_data/FUNSD/train.json']
[2023/03/04 14:44:12] ppocr INFO: Architecture : 
[2023/03/04 14:44:12] ppocr INFO:     Backbone : 
[2023/03/04 14:44:12] ppocr INFO:         checkpoints : None
[2023/03/04 14:44:12] ppocr INFO:         mode : vi
[2023/03/04 14:44:12] ppocr INFO:         name : LayoutXLMForSer
[2023/03/04 14:44:12] ppocr INFO:         num_classes : 7
[2023/03/04 14:44:12] ppocr INFO:         pretrained : True
[2023/03/04 14:44:12] ppocr INFO:     Transform : None
[2023/03/04 14:44:12] ppocr INFO:     algorithm : LayoutXLM
[2023/03/04 14:44:12] ppocr INFO:     model_type : kie
[2023/03/04 14:44:12] ppocr INFO: Eval : 
[2023/03/04 14:44:12] ppocr INFO:     dataset : 
[2023/03/04 14:44:12] ppocr INFO:         data_dir : train_data/FUNSD/testing_data/images
[2023/03/04 14:44:12] ppocr INFO:         label_file_list : ['train_data/FUNSD/test.json']
[2023/03/04 14:44:12] ppocr INFO:         name : SimpleDataSet
[2023/03/04 14:44:12] ppocr INFO:         transforms : 
[2023/03/04 14:44:12] ppocr INFO:             DecodeImage : 
[2023/03/04 14:44:12] ppocr INFO:                 channel_first : False
[2023/03/04 14:44:12] ppocr INFO:                 img_mode : RGB
[2023/03/04 14:44:12] ppocr INFO:             VQATokenLabelEncode : 
[2023/03/04 14:44:12] ppocr INFO:                 algorithm : LayoutXLM
[2023/03/04 14:44:12] ppocr INFO:                 class_path : train_data/FUNSD/class_list.txt
[2023/03/04 14:44:12] ppocr INFO:                 contains_re : False
[2023/03/04 14:44:12] ppocr INFO:                 order_method : tb-yx
[2023/03/04 14:44:12] ppocr INFO:                 use_textline_bbox_info : True
[2023/03/04 14:44:12] ppocr INFO:             VQATokenPad : 
[2023/03/04 14:44:12] ppocr INFO:                 max_seq_len : 512
[2023/03/04 14:44:12] ppocr INFO:                 return_attention_mask : True
[2023/03/04 14:44:12] ppocr INFO:             VQASerTokenChunk : 
[2023/03/04 14:44:12] ppocr INFO:                 max_seq_len : 512
[2023/03/04 14:44:12] ppocr INFO:             Resize : 
[2023/03/04 14:44:12] ppocr INFO:                 size : [224, 224]
[2023/03/04 14:44:12] ppocr INFO:             NormalizeImage : 
[2023/03/04 14:44:12] ppocr INFO:                 mean : [123.675, 116.28, 103.53]
[2023/03/04 14:44:12] ppocr INFO:                 order : hwc
[2023/03/04 14:44:12] ppocr INFO:                 scale : 1
[2023/03/04 14:44:12] ppocr INFO:                 std : [58.395, 57.12, 57.375]
[2023/03/04 14:44:12] ppocr INFO:             ToCHWImage : None
[2023/03/04 14:44:12] ppocr INFO:             KeepKeys : 
[2023/03/04 14:44:12] ppocr INFO:                 keep_keys : ['input_ids', 'bbox', 'attention_mask', 'token_type_ids', 'image', 'labels']
[2023/03/04 14:44:12] ppocr INFO:     loader : 
[2023/03/04 14:44:12] ppocr INFO:         batch_size_per_card : 8
[2023/03/04 14:44:12] ppocr INFO:         drop_last : False
[2023/03/04 14:44:12] ppocr INFO:         num_workers : 4
[2023/03/04 14:44:12] ppocr INFO:         shuffle : False
[2023/03/04 14:44:12] ppocr INFO: Global : 
[2023/03/04 14:44:12] ppocr INFO:     cal_metric_during_train : False
[2023/03/04 14:44:12] ppocr INFO:     distributed : False
[2023/03/04 14:44:12] ppocr INFO:     epoch_num : 200
[2023/03/04 14:44:12] ppocr INFO:     eval_batch_step : [0, 19]
[2023/03/04 14:44:12] ppocr INFO:     infer_img : abc.jpg
[2023/03/04 14:44:12] ppocr INFO:     kie_det_model_dir : None
[2023/03/04 14:44:12] ppocr INFO:     kie_rec_model_dir : None
[2023/03/04 14:44:12] ppocr INFO:     log_smooth_window : 10
[2023/03/04 14:44:12] ppocr INFO:     print_batch_step : 10
[2023/03/04 14:44:12] ppocr INFO:     save_epoch_step : 2000
[2023/03/04 14:44:12] ppocr INFO:     save_inference_dir : None
[2023/03/04 14:44:12] ppocr INFO:     save_model_dir : ./output/ser_vi_layoutxlm_funsd
[2023/03/04 14:44:12] ppocr INFO:     save_res_path : ./output/ser/funsd/res
[2023/03/04 14:44:12] ppocr INFO:     seed : 2022
[2023/03/04 14:44:12] ppocr INFO:     use_gpu : True
[2023/03/04 14:44:12] ppocr INFO:     use_visualdl : False
[2023/03/04 14:44:12] ppocr INFO: Loss : 
[2023/03/04 14:44:12] ppocr INFO:     key : backbone_out
[2023/03/04 14:44:12] ppocr INFO:     name : VQASerTokenLayoutLMLoss
[2023/03/04 14:44:12] ppocr INFO:     num_classes : 7
[2023/03/04 14:44:12] ppocr INFO: Metric : 
[2023/03/04 14:44:12] ppocr INFO:     main_indicator : hmean
[2023/03/04 14:44:12] ppocr INFO:     name : VQASerTokenMetric
[2023/03/04 14:44:12] ppocr INFO: Optimizer : 
[2023/03/04 14:44:12] ppocr INFO:     beta1 : 0.9
[2023/03/04 14:44:12] ppocr INFO:     beta2 : 0.999
[2023/03/04 14:44:12] ppocr INFO:     lr : 
[2023/03/04 14:44:12] ppocr INFO:         epochs : 200
[2023/03/04 14:44:12] ppocr INFO:         learning_rate : 5e-05
[2023/03/04 14:44:12] ppocr INFO:         name : Linear
[2023/03/04 14:44:12] ppocr INFO:         warmup_epoch : 2
[2023/03/04 14:44:12] ppocr INFO:     name : AdamW
[2023/03/04 14:44:12] ppocr INFO:     regularizer : 
[2023/03/04 14:44:12] ppocr INFO:         factor : 0.0
[2023/03/04 14:44:12] ppocr INFO:         name : L2
[2023/03/04 14:44:12] ppocr INFO: PostProcess : 
[2023/03/04 14:44:12] ppocr INFO:     class_path : train_data/FUNSD/class_list.txt
[2023/03/04 14:44:12] ppocr INFO:     name : VQASerTokenLayoutLMPostProcess
[2023/03/04 14:44:12] ppocr INFO: Train : 
[2023/03/04 14:44:12] ppocr INFO:     dataset : 
[2023/03/04 14:44:12] ppocr INFO:         data_dir : train_data/FUNSD/training_data/images
[2023/03/04 14:44:12] ppocr INFO:         label_file_list : ['train_data/FUNSD/train.json']
[2023/03/04 14:44:12] ppocr INFO:         name : SimpleDataSet
[2023/03/04 14:44:12] ppocr INFO:         ratio_list : [1.0]
[2023/03/04 14:44:12] ppocr INFO:         transforms : 
[2023/03/04 14:44:12] ppocr INFO:             DecodeImage : 
[2023/03/04 14:44:12] ppocr INFO:                 channel_first : False
[2023/03/04 14:44:12] ppocr INFO:                 img_mode : RGB
[2023/03/04 14:44:12] ppocr INFO:             VQATokenLabelEncode : 
[2023/03/04 14:44:12] ppocr INFO:                 algorithm : LayoutXLM
[2023/03/04 14:44:12] ppocr INFO:                 class_path : train_data/FUNSD/class_list.txt
[2023/03/04 14:44:12] ppocr INFO:                 contains_re : False
[2023/03/04 14:44:12] ppocr INFO:                 order_method : tb-yx
[2023/03/04 14:44:12] ppocr INFO:                 use_textline_bbox_info : True
[2023/03/04 14:44:12] ppocr INFO:             VQATokenPad : 
[2023/03/04 14:44:12] ppocr INFO:                 max_seq_len : 512
[2023/03/04 14:44:12] ppocr INFO:                 return_attention_mask : True
[2023/03/04 14:44:12] ppocr INFO:             VQASerTokenChunk : 
[2023/03/04 14:44:12] ppocr INFO:                 max_seq_len : 512
[2023/03/04 14:44:12] ppocr INFO:             Resize : 
[2023/03/04 14:44:12] ppocr INFO:                 size : [224, 224]
[2023/03/04 14:44:12] ppocr INFO:             NormalizeImage : 
[2023/03/04 14:44:12] ppocr INFO:                 mean : [123.675, 116.28, 103.53]
[2023/03/04 14:44:12] ppocr INFO:                 order : hwc
[2023/03/04 14:44:12] ppocr INFO:                 scale : 1
[2023/03/04 14:44:12] ppocr INFO:                 std : [58.395, 57.12, 57.375]
[2023/03/04 14:44:12] ppocr INFO:             ToCHWImage : None
[2023/03/04 14:44:12] ppocr INFO:             KeepKeys : 
[2023/03/04 14:44:12] ppocr INFO:                 keep_keys : ['input_ids', 'bbox', 'attention_mask', 'token_type_ids', 'image', 'labels']
[2023/03/04 14:44:12] ppocr INFO:     loader : 
[2023/03/04 14:44:12] ppocr INFO:         batch_size_per_card : 8
[2023/03/04 14:44:12] ppocr INFO:         drop_last : False
[2023/03/04 14:44:12] ppocr INFO:         num_workers : 4
[2023/03/04 14:44:12] ppocr INFO:         shuffle : True
[2023/03/04 14:44:12] ppocr INFO: profiler_options : None
[2023/03/04 14:44:12] ppocr INFO: train with paddle 2.4.2 and device Place(gpu:0)
[2023/03/04 14:44:12] ppocr INFO: Initialize indexs of datasets:['train_data/FUNSD/train.json']
[2023/03/04 15:02:28] ppocr INFO: Architecture : 
[2023/03/04 15:02:28] ppocr INFO:     Backbone : 
[2023/03/04 15:02:28] ppocr INFO:         checkpoints : None
[2023/03/04 15:02:28] ppocr INFO:         mode : vi
[2023/03/04 15:02:28] ppocr INFO:         name : LayoutXLMForSer
[2023/03/04 15:02:28] ppocr INFO:         num_classes : 7
[2023/03/04 15:02:28] ppocr INFO:         pretrained : True
[2023/03/04 15:02:28] ppocr INFO:     Transform : None
[2023/03/04 15:02:28] ppocr INFO:     algorithm : LayoutXLM
[2023/03/04 15:02:28] ppocr INFO:     model_type : kie
[2023/03/04 15:02:28] ppocr INFO: Eval : 
[2023/03/04 15:02:28] ppocr INFO:     dataset : 
[2023/03/04 15:02:28] ppocr INFO:         data_dir : train_data/FUNSD/testing_data/images
[2023/03/04 15:02:28] ppocr INFO:         label_file_list : ['train_data/FUNSD/test.json']
[2023/03/04 15:02:28] ppocr INFO:         name : SimpleDataSet
[2023/03/04 15:02:28] ppocr INFO:         transforms : 
[2023/03/04 15:02:28] ppocr INFO:             DecodeImage : 
[2023/03/04 15:02:28] ppocr INFO:                 channel_first : False
[2023/03/04 15:02:28] ppocr INFO:                 img_mode : RGB
[2023/03/04 15:02:28] ppocr INFO:             VQATokenLabelEncode : 
[2023/03/04 15:02:28] ppocr INFO:                 algorithm : LayoutXLM
[2023/03/04 15:02:28] ppocr INFO:                 class_path : train_data/FUNSD/class_list.txt
[2023/03/04 15:02:28] ppocr INFO:                 contains_re : False
[2023/03/04 15:02:28] ppocr INFO:                 order_method : tb-yx
[2023/03/04 15:02:28] ppocr INFO:                 use_textline_bbox_info : True
[2023/03/04 15:02:28] ppocr INFO:             VQATokenPad : 
[2023/03/04 15:02:28] ppocr INFO:                 max_seq_len : 512
[2023/03/04 15:02:28] ppocr INFO:                 return_attention_mask : True
[2023/03/04 15:02:28] ppocr INFO:             VQASerTokenChunk : 
[2023/03/04 15:02:28] ppocr INFO:                 max_seq_len : 512
[2023/03/04 15:02:28] ppocr INFO:             Resize : 
[2023/03/04 15:02:28] ppocr INFO:                 size : [224, 224]
[2023/03/04 15:02:28] ppocr INFO:             NormalizeImage : 
[2023/03/04 15:02:28] ppocr INFO:                 mean : [123.675, 116.28, 103.53]
[2023/03/04 15:02:28] ppocr INFO:                 order : hwc
[2023/03/04 15:02:28] ppocr INFO:                 scale : 1
[2023/03/04 15:02:28] ppocr INFO:                 std : [58.395, 57.12, 57.375]
[2023/03/04 15:02:28] ppocr INFO:             ToCHWImage : None
[2023/03/04 15:02:28] ppocr INFO:             KeepKeys : 
[2023/03/04 15:02:28] ppocr INFO:                 keep_keys : ['input_ids', 'bbox', 'attention_mask', 'token_type_ids', 'image', 'labels']
[2023/03/04 15:02:28] ppocr INFO:     loader : 
[2023/03/04 15:02:28] ppocr INFO:         batch_size_per_card : 8
[2023/03/04 15:02:28] ppocr INFO:         drop_last : False
[2023/03/04 15:02:28] ppocr INFO:         num_workers : 4
[2023/03/04 15:02:28] ppocr INFO:         shuffle : False
[2023/03/04 15:02:28] ppocr INFO: Global : 
[2023/03/04 15:02:28] ppocr INFO:     cal_metric_during_train : False
[2023/03/04 15:02:28] ppocr INFO:     distributed : False
[2023/03/04 15:02:28] ppocr INFO:     epoch_num : 200
[2023/03/04 15:02:28] ppocr INFO:     eval_batch_step : [0, 19]
[2023/03/04 15:02:28] ppocr INFO:     infer_img : abc.jpg
[2023/03/04 15:02:28] ppocr INFO:     kie_det_model_dir : None
[2023/03/04 15:02:28] ppocr INFO:     kie_rec_model_dir : None
[2023/03/04 15:02:28] ppocr INFO:     log_smooth_window : 10
[2023/03/04 15:02:28] ppocr INFO:     print_batch_step : 10
[2023/03/04 15:02:28] ppocr INFO:     save_epoch_step : 2000
[2023/03/04 15:02:28] ppocr INFO:     save_inference_dir : None
[2023/03/04 15:02:28] ppocr INFO:     save_model_dir : ./output/ser_vi_layoutxlm_funsd
[2023/03/04 15:02:28] ppocr INFO:     save_res_path : ./output/ser/funsd/res
[2023/03/04 15:02:28] ppocr INFO:     seed : 2022
[2023/03/04 15:02:28] ppocr INFO:     use_gpu : True
[2023/03/04 15:02:28] ppocr INFO:     use_visualdl : False
[2023/03/04 15:02:28] ppocr INFO: Loss : 
[2023/03/04 15:02:28] ppocr INFO:     key : backbone_out
[2023/03/04 15:02:28] ppocr INFO:     name : VQASerTokenLayoutLMLoss
[2023/03/04 15:02:28] ppocr INFO:     num_classes : 7
[2023/03/04 15:02:28] ppocr INFO: Metric : 
[2023/03/04 15:02:28] ppocr INFO:     main_indicator : hmean
[2023/03/04 15:02:28] ppocr INFO:     name : VQASerTokenMetric
[2023/03/04 15:02:28] ppocr INFO: Optimizer : 
[2023/03/04 15:02:28] ppocr INFO:     beta1 : 0.9
[2023/03/04 15:02:28] ppocr INFO:     beta2 : 0.999
[2023/03/04 15:02:28] ppocr INFO:     lr : 
[2023/03/04 15:02:28] ppocr INFO:         epochs : 200
[2023/03/04 15:02:28] ppocr INFO:         learning_rate : 5e-05
[2023/03/04 15:02:28] ppocr INFO:         name : Linear
[2023/03/04 15:02:28] ppocr INFO:         warmup_epoch : 2
[2023/03/04 15:02:28] ppocr INFO:     name : AdamW
[2023/03/04 15:02:28] ppocr INFO:     regularizer : 
[2023/03/04 15:02:28] ppocr INFO:         factor : 0.0
[2023/03/04 15:02:28] ppocr INFO:         name : L2
[2023/03/04 15:02:28] ppocr INFO: PostProcess : 
[2023/03/04 15:02:28] ppocr INFO:     class_path : train_data/FUNSD/class_list.txt
[2023/03/04 15:02:28] ppocr INFO:     name : VQASerTokenLayoutLMPostProcess
[2023/03/04 15:02:28] ppocr INFO: Train : 
[2023/03/04 15:02:28] ppocr INFO:     dataset : 
[2023/03/04 15:02:28] ppocr INFO:         data_dir : train_data/FUNSD/training_data/images
[2023/03/04 15:02:28] ppocr INFO:         label_file_list : ['train_data/FUNSD/train.json']
[2023/03/04 15:02:28] ppocr INFO:         name : SimpleDataSet
[2023/03/04 15:02:28] ppocr INFO:         ratio_list : [1.0]
[2023/03/04 15:02:28] ppocr INFO:         transforms : 
[2023/03/04 15:02:28] ppocr INFO:             DecodeImage : 
[2023/03/04 15:02:28] ppocr INFO:                 channel_first : False
[2023/03/04 15:02:28] ppocr INFO:                 img_mode : RGB
[2023/03/04 15:02:28] ppocr INFO:             VQATokenLabelEncode : 
[2023/03/04 15:02:28] ppocr INFO:                 algorithm : LayoutXLM
[2023/03/04 15:02:28] ppocr INFO:                 class_path : train_data/FUNSD/class_list.txt
[2023/03/04 15:02:28] ppocr INFO:                 contains_re : False
[2023/03/04 15:02:28] ppocr INFO:                 order_method : tb-yx
[2023/03/04 15:02:28] ppocr INFO:                 use_textline_bbox_info : True
[2023/03/04 15:02:28] ppocr INFO:             VQATokenPad : 
[2023/03/04 15:02:28] ppocr INFO:                 max_seq_len : 512
[2023/03/04 15:02:28] ppocr INFO:                 return_attention_mask : True
[2023/03/04 15:02:28] ppocr INFO:             VQASerTokenChunk : 
[2023/03/04 15:02:28] ppocr INFO:                 max_seq_len : 512
[2023/03/04 15:02:28] ppocr INFO:             Resize : 
[2023/03/04 15:02:28] ppocr INFO:                 size : [224, 224]
[2023/03/04 15:02:28] ppocr INFO:             NormalizeImage : 
[2023/03/04 15:02:28] ppocr INFO:                 mean : [123.675, 116.28, 103.53]
[2023/03/04 15:02:28] ppocr INFO:                 order : hwc
[2023/03/04 15:02:28] ppocr INFO:                 scale : 1
[2023/03/04 15:02:28] ppocr INFO:                 std : [58.395, 57.12, 57.375]
[2023/03/04 15:02:28] ppocr INFO:             ToCHWImage : None
[2023/03/04 15:02:28] ppocr INFO:             KeepKeys : 
[2023/03/04 15:02:28] ppocr INFO:                 keep_keys : ['input_ids', 'bbox', 'attention_mask', 'token_type_ids', 'image', 'labels']
[2023/03/04 15:02:28] ppocr INFO:     loader : 
[2023/03/04 15:02:28] ppocr INFO:         batch_size_per_card : 8
[2023/03/04 15:02:28] ppocr INFO:         drop_last : False
[2023/03/04 15:02:28] ppocr INFO:         num_workers : 4
[2023/03/04 15:02:28] ppocr INFO:         shuffle : True
[2023/03/04 15:02:28] ppocr INFO: profiler_options : None
[2023/03/04 15:02:28] ppocr INFO: train with paddle 2.4.2 and device Place(gpu:0)
[2023/03/04 15:02:28] ppocr INFO: Initialize indexs of datasets:['train_data/FUNSD/train.json']
[2023/03/04 15:02:29] ppocr INFO: Initialize indexs of datasets:['train_data/FUNSD/test.json']
[2023/03/04 15:02:36] ppocr INFO: train dataloader has 19 iters
[2023/03/04 15:02:36] ppocr INFO: valid dataloader has 7 iters
[2023/03/04 15:02:36] ppocr INFO: During the training process, after the 0th iteration, an evaluation is run every 19 iterations
